<?xml version="1.0" encoding="UTF-8"?>
<coverage generated="1771929960214" clover="3.2.0">
  <project timestamp="1771929960214" name="All files">
    <metrics statements="35" coveredstatements="34" conditionals="14" coveredconditionals="13" methods="6" coveredmethods="6" elements="55" coveredelements="53" complexity="0" loc="35" ncloc="35" packages="1" files="2" classes="2"/>
    <file name="index.js" path="C:\Users\User\Desktop\Projects\Difference\frontend-project-46\src\index.js">
      <metrics statements="25" coveredstatements="25" conditionals="12" coveredconditionals="12" methods="4" coveredmethods="4"/>
      <line num="4" count="1" type="stmt"/>
      <line num="5" count="6" type="cond" truecount="2" falsecount="0"/>
      <line num="6" count="2" type="stmt"/>
      <line num="9" count="4" type="stmt"/>
      <line num="13" count="1" type="stmt"/>
      <line num="14" count="1" type="stmt"/>
      <line num="16" count="1" type="stmt"/>
      <line num="17" count="5" type="stmt"/>
      <line num="18" count="5" type="stmt"/>
      <line num="21" count="5" type="cond" truecount="4" falsecount="0"/>
      <line num="22" count="1" type="stmt"/>
      <line num="25" count="4" type="cond" truecount="4" falsecount="0"/>
      <line num="26" count="2" type="stmt"/>
      <line num="29" count="2" type="cond" truecount="2" falsecount="0"/>
      <line num="30" count="1" type="stmt"/>
      <line num="33" count="1" type="stmt"/>
      <line num="39" count="1" type="stmt"/>
      <line num="42" count="1" type="stmt"/>
      <line num="44" count="1" type="stmt"/>
      <line num="45" count="1" type="stmt"/>
      <line num="47" count="1" type="stmt"/>
      <line num="48" count="1" type="stmt"/>
      <line num="49" count="1" type="stmt"/>
      <line num="50" count="1" type="stmt"/>
      <line num="53" count="1" type="stmt"/>
    </file>
    <file name="parsers.js" path="C:\Users\User\Desktop\Projects\Difference\frontend-project-46\src\parsers.js">
      <metrics statements="10" coveredstatements="9" conditionals="2" coveredconditionals="1" methods="2" coveredmethods="2"/>
      <line num="4" count="1" type="stmt"/>
      <line num="5" count="2" type="stmt"/>
      <line num="6" count="2" type="stmt"/>
      <line num="9" count="1" type="stmt"/>
      <line num="10" count="2" type="stmt"/>
      <line num="12" count="2" type="stmt"/>
      <line num="13" count="2" type="stmt"/>
      <line num="15" count="2" type="cond" truecount="1" falsecount="1"/>
      <line num="17" count="2" type="stmt"/>
      <line num="19" count="0" type="stmt"/>
    </file>
  </project>
</coverage>
