{"C:\\Users\\User\\Desktop\\Projects\\Difference\\frontend-project-46\\src\\index.js": {"path":"C:\\Users\\User\\Desktop\\Projects\\Difference\\frontend-project-46\\src\\index.js","statementMap":{"0":{"start":{"line":4,"column":23},"end":{"line":11,"column":1}},"1":{"start":{"line":5,"column":2},"end":{"line":10,"column":3}},"2":{"start":{"line":6,"column":4},"end":{"line":6,"column":16}},"3":{"start":{"line":9,"column":4},"end":{"line":9,"column":24}},"4":{"start":{"line":13,"column":20},"end":{"line":40,"column":1}},"5":{"start":{"line":14,"column":18},"end":{"line":14,"column":63}},"6":{"start":{"line":16,"column":16},"end":{"line":37,"column":4}},"7":{"start":{"line":17,"column":17},"end":{"line":17,"column":33}},"8":{"start":{"line":18,"column":17},"end":{"line":18,"column":33}},"9":{"start":{"line":21,"column":4},"end":{"line":23,"column":5}},"10":{"start":{"line":22,"column":6},"end":{"line":22,"column":55}},"11":{"start":{"line":25,"column":4},"end":{"line":27,"column":5}},"12":{"start":{"line":26,"column":6},"end":{"line":26,"column":55}},"13":{"start":{"line":29,"column":4},"end":{"line":31,"column":5}},"14":{"start":{"line":30,"column":6},"end":{"line":30,"column":55}},"15":{"start":{"line":33,"column":4},"end":{"line":36,"column":5}},"16":{"start":{"line":39,"column":2},"end":{"line":39,"column":36}},"17":{"start":{"line":42,"column":16},"end":{"line":54,"column":1}},"18":{"start":{"line":44,"column":16},"end":{"line":44,"column":36}},"19":{"start":{"line":45,"column":16},"end":{"line":45,"column":36}},"20":{"start":{"line":47,"column":2},"end":{"line":47,"column":34}},"21":{"start":{"line":48,"column":2},"end":{"line":48,"column":30}},"22":{"start":{"line":49,"column":2},"end":{"line":49,"column":30}},"23":{"start":{"line":50,"column":2},"end":{"line":50,"column":32}},"24":{"start":{"line":53,"column":2},"end":{"line":53,"column":34}}},"fnMap":{"0":{"name":"(anonymous_0)","decl":{"start":{"line":4,"column":23},"end":{"line":4,"column":24}},"loc":{"start":{"line":4,"column":34},"end":{"line":11,"column":1}},"line":4},"1":{"name":"(anonymous_1)","decl":{"start":{"line":13,"column":20},"end":{"line":13,"column":21}},"loc":{"start":{"line":13,"column":36},"end":{"line":40,"column":1}},"line":13},"2":{"name":"(anonymous_2)","decl":{"start":{"line":16,"column":32},"end":{"line":16,"column":33}},"loc":{"start":{"line":16,"column":41},"end":{"line":37,"column":3}},"line":16},"3":{"name":"(anonymous_3)","decl":{"start":{"line":42,"column":16},"end":{"line":42,"column":17}},"loc":{"start":{"line":42,"column":50},"end":{"line":54,"column":1}},"line":42}},"branchMap":{"0":{"loc":{"start":{"line":5,"column":2},"end":{"line":10,"column":3}},"type":"if","locations":[{"start":{"line":5,"column":2},"end":{"line":10,"column":3}},{"start":{"line":8,"column":7},"end":{"line":10,"column":3}}],"line":5},"1":{"loc":{"start":{"line":21,"column":4},"end":{"line":23,"column":5}},"type":"if","locations":[{"start":{"line":21,"column":4},"end":{"line":23,"column":5}},{"start":{},"end":{}}],"line":21},"2":{"loc":{"start":{"line":21,"column":8},"end":{"line":21,"column":21}},"type":"binary-expr","locations":[{"start":{"line":21,"column":8},"end":{"line":21,"column":13}},{"start":{"line":21,"column":17},"end":{"line":21,"column":21}}],"line":21},"3":{"loc":{"start":{"line":25,"column":4},"end":{"line":27,"column":5}},"type":"if","locations":[{"start":{"line":25,"column":4},"end":{"line":27,"column":5}},{"start":{},"end":{}}],"line":25},"4":{"loc":{"start":{"line":25,"column":8},"end":{"line":25,"column":21}},"type":"binary-expr","locations":[{"start":{"line":25,"column":8},"end":{"line":25,"column":12}},{"start":{"line":25,"column":16},"end":{"line":25,"column":21}}],"line":25},"5":{"loc":{"start":{"line":29,"column":4},"end":{"line":31,"column":5}},"type":"if","locations":[{"start":{"line":29,"column":4},"end":{"line":31,"column":5}},{"start":{},"end":{}}],"line":29}},"s":{"0":1,"1":6,"2":2,"3":4,"4":1,"5":1,"6":1,"7":5,"8":5,"9":5,"10":1,"11":4,"12":2,"13":2,"14":1,"15":1,"16":1,"17":1,"18":1,"19":1,"20":1,"21":1,"22":1,"23":1,"24":1},"f":{"0":6,"1":1,"2":5,"3":1},"b":{"0":[2,4],"1":[1,4],"2":[5,1],"3":[2,2],"4":[4,4],"5":[1,1]},"inputSourceMap":null,"_coverageSchema":"1a1c01bbd47fc00a2c39e90264f33305004495a9","hash":"9f6e5ee804b44b97baaf325368decab4aec48f4f"}
,"C:\\Users\\User\\Desktop\\Projects\\Difference\\frontend-project-46\\src\\parsers.js": {"path":"C:\\Users\\User\\Desktop\\Projects\\Difference\\frontend-project-46\\src\\parsers.js","statementMap":{"0":{"start":{"line":4,"column":18},"end":{"line":7,"column":1}},"1":{"start":{"line":5,"column":20},"end":{"line":5,"column":56}},"2":{"start":{"line":6,"column":2},"end":{"line":6,"column":27}},"3":{"start":{"line":9,"column":18},"end":{"line":21,"column":1}},"4":{"start":{"line":10,"column":23},"end":{"line":10,"column":60}},"5":{"start":{"line":12,"column":18},"end":{"line":12,"column":53}},"6":{"start":{"line":13,"column":17},"end":{"line":13,"column":40}},"7":{"start":{"line":15,"column":2},"end":{"line":20,"column":3}},"8":{"start":{"line":17,"column":6},"end":{"line":17,"column":32}},"9":{"start":{"line":19,"column":6},"end":{"line":19,"column":60}}},"fnMap":{"0":{"name":"(anonymous_0)","decl":{"start":{"line":4,"column":18},"end":{"line":4,"column":19}},"loc":{"start":{"line":4,"column":32},"end":{"line":7,"column":1}},"line":4},"1":{"name":"(anonymous_1)","decl":{"start":{"line":9,"column":18},"end":{"line":9,"column":19}},"loc":{"start":{"line":9,"column":32},"end":{"line":21,"column":1}},"line":9}},"branchMap":{"0":{"loc":{"start":{"line":15,"column":2},"end":{"line":20,"column":3}},"type":"switch","locations":[{"start":{"line":16,"column":4},"end":{"line":17,"column":32}},{"start":{"line":18,"column":4},"end":{"line":19,"column":60}}],"line":15}},"s":{"0":1,"1":2,"2":2,"3":1,"4":2,"5":2,"6":2,"7":2,"8":2,"9":0},"f":{"0":2,"1":2},"b":{"0":[2,0]},"inputSourceMap":null,"_coverageSchema":"1a1c01bbd47fc00a2c39e90264f33305004495a9","hash":"9a2aa2a8026081adbacb74e1d9ea42dae2d01acd"}
}
