TN:
SF:src\index.js
FN:4,(anonymous_0)
FN:13,(anonymous_1)
FN:16,(anonymous_2)
FN:42,(anonymous_3)
FNF:4
FNH:4
FNDA:6,(anonymous_0)
FNDA:1,(anonymous_1)
FNDA:5,(anonymous_2)
FNDA:1,(anonymous_3)
DA:4,1
DA:5,6
DA:6,2
DA:9,4
DA:13,1
DA:14,1
DA:16,1
DA:17,5
DA:18,5
DA:21,5
DA:22,1
DA:25,4
DA:26,2
DA:29,2
DA:30,1
DA:33,1
DA:39,1
DA:42,1
DA:44,1
DA:45,1
DA:47,1
DA:48,1
DA:49,1
DA:50,1
DA:53,1
LF:25
LH:25
BRDA:5,0,0,2
BRDA:5,0,1,4
BRDA:21,1,0,1
BRDA:21,1,1,4
BRDA:21,2,0,5
BRDA:21,2,1,1
BRDA:25,3,0,2
BRDA:25,3,1,2
BRDA:25,4,0,4
BRDA:25,4,1,4
BRDA:29,5,0,1
BRDA:29,5,1,1
BRF:12
BRH:12
end_of_record
TN:
SF:src\parsers.js
FN:4,(anonymous_0)
FN:9,(anonymous_1)
FNF:2
FNH:2
FNDA:2,(anonymous_0)
FNDA:2,(anonymous_1)
DA:4,1
DA:5,2
DA:6,2
DA:9,1
DA:10,2
DA:12,2
DA:13,2
DA:15,2
DA:17,2
DA:19,0
LF:10
LH:9
BRDA:15,0,0,2
BRDA:15,0,1,0
BRF:2
BRH:1
end_of_record
